<?xml version="1.0" encoding="UTF-8"?>
<testsuite xmlns:xsi="http://www.w3.org/2001/XMLSchema-instance" xsi:noNamespaceSchemaLocation="https://maven.apache.org/surefire/maven-surefire-plugin/xsd/surefire-test-report-3.0.xsd" version="3.0" name="com.subhajit.Medicare.MedicareApplicationTests" time="11.862" tests="1" errors="0" skipped="0" failures="0">
  <properties>
[...]
</properties>
  <testcase name="contextLoads" classname="com.subhajit.Medicare.MedicareApplicationTests" time="2.266">
    <system-out><![CDATA[03:18:38.073 [main] INFO org.springframework.test.context.support.AnnotationConfigContextLoaderUtils -- Could not detect default configuration classes for test class [com.subhajit.Medicare.MedicareApplicationTests]: MedicareApplicationTests does not declare any static, non-private, non-final, nested classes annotated with @Configuration.
03:18:38.339 [main] INFO org.springframework.boot.test.context.SpringBootTestContextBootstrapper -- Found @SpringBootConfiguration com.subhajit.Medicare.MedicareApplication for test class com.subhajit.Medicare.MedicareApplicationTests

  .   ____          _            __ _ _
 /\\ / ___'_ __ _ _(_)_ __  __ _ \ \ \ \
( ( )\___ | '_ | '_| | '_ \/ _` | \ \ \ \
 \\/  ___)| |_)| | | | | || (_| |  ) ) ) )
  '  |____| .__|_| |_|_| |_\__, | / / / /
 =========|_|==============|___/=/_/_/_/
 :: Spring Boot ::                (v3.1.3)

2023-09-24T03:18:39.439+05:30  INFO 11328 --- [           main] c.s.Medicare.MedicareApplicationTests    : Starting MedicareApplicationTests using Java 17.0.8 with PID 11328 (started by subhajit in E:\Medicare)
2023-09-24T03:18:39.442+05:30  INFO 11328 --- [           main] c.s.Medicare.MedicareApplicationTests    : No active profile set, falling back to 1 default profile: "default"
2023-09-24T03:18:41.106+05:30  INFO 11328 --- [           main] .s.d.r.c.RepositoryConfigurationDelegate : Bootstrapping Spring Data MongoDB repositories in DEFAULT mode.
2023-09-24T03:18:41.276+05:30  INFO 11328 --- [           main] .s.d.r.c.RepositoryConfigurationDelegate : Finished Spring Data repository scanning in 160 ms. Found 2 MongoDB repository interfaces.
2023-09-24T03:18:42.730+05:30  INFO 11328 --- [           main] org.mongodb.driver.client                : MongoClient with metadata {"driver": {"name": "mongo-java-driver|sync|spring-boot", "version": "4.9.1"}, "os": {"type": "Windows", "name": "Windows 10", "architecture": "amd64", "version": "10.0"}, "platform": "Java/Oracle Corporation/17.0.8+9-LTS-211"} created with settings MongoClientSettings{readPreference=primary, writeConcern=WriteConcern{w=majority, wTimeout=null ms, journal=null}, retryWrites=true, retryReads=true, readConcern=ReadConcern{level=null}, credential=MongoCredential{mechanism=null, userName='subhajitpatra498', source='admin', password=<hidden>, mechanismProperties=<hidden>}, streamFactoryFactory=null, commandListeners=[], codecRegistry=ProvidersCodecRegistry{codecProviders=[ValueCodecProvider{}, BsonValueCodecProvider{}, DBRefCodecProvider{}, DBObjectCodecProvider{}, DocumentCodecProvider{}, CollectionCodecProvider{}, IterableCodecProvider{}, MapCodecProvider{}, GeoJsonCodecProvider{}, GridFSFileCodecProvider{}, Jsr310CodecProvider{}, JsonObjectCodecProvider{}, BsonCodecProvider{}, EnumCodecProvider{}, com.mongodb.client.model.mql.ExpressionCodecProvider@1b01a0d, com.mongodb.Jep395RecordCodecProvider@2ed71727]}, loggerSettings=LoggerSettings{maxDocumentLength=1000}, clusterSettings={hosts=[127.0.0.1:27017], srvHost=medicare.qzyf5vd.mongodb.net, srvServiceName=mongodb, mode=MULTIPLE, requiredClusterType=REPLICA_SET, requiredReplicaSetName='atlas-1esptm-shard-0', serverSelector='null', clusterListeners='[]', serverSelectionTimeout='30000 ms', localThreshold='30000 ms'}, socketSettings=SocketSettings{connectTimeoutMS=10000, readTimeoutMS=0, receiveBufferSize=0, sendBufferSize=0}, heartbeatSocketSettings=SocketSettings{connectTimeoutMS=10000, readTimeoutMS=10000, receiveBufferSize=0, sendBufferSize=0}, connectionPoolSettings=ConnectionPoolSettings{maxSize=100, minSize=0, maxWaitTimeMS=120000, maxConnectionLifeTimeMS=0, maxConnectionIdleTimeMS=0, maintenanceInitialDelayMS=0, maintenanceFrequencyMS=60000, connectionPoolListeners=[], maxConnecting=2}, serverSettings=ServerSettings{heartbeatFrequencyMS=10000, minHeartbeatFrequencyMS=500, serverListeners='[]', serverMonitorListeners='[]'}, sslSettings=SslSettings{enabled=true, invalidHostNameAllowed=false, context=null}, applicationName='null', compressorList=[], uuidRepresentation=JAVA_LEGACY, serverApi=null, autoEncryptionSettings=null, contextProvider=null}
2023-09-24T03:18:42.771+05:30  INFO 11328 --- [5vd.mongodb.net] org.mongodb.driver.cluster               : Adding discovered server ac-5hh2zkz-shard-00-02.qzyf5vd.mongodb.net:27017 to client view of cluster
2023-09-24T03:18:42.830+05:30  INFO 11328 --- [5vd.mongodb.net] org.mongodb.driver.cluster               : Adding discovered server ac-5hh2zkz-shard-00-01.qzyf5vd.mongodb.net:27017 to client view of cluster
2023-09-24T03:18:42.858+05:30  INFO 11328 --- [5vd.mongodb.net] org.mongodb.driver.cluster               : Adding discovered server ac-5hh2zkz-shard-00-00.qzyf5vd.mongodb.net:27017 to client view of cluster
2023-09-24T03:18:44.730+05:30  INFO 11328 --- [ngodb.net:27017] org.mongodb.driver.cluster               : Monitor thread successfully connected to server with description ServerDescription{address=ac-5hh2zkz-shard-00-01.qzyf5vd.mongodb.net:27017, type=REPLICA_SET_SECONDARY, state=CONNECTED, ok=true, minWireVersion=0, maxWireVersion=17, maxDocumentSize=16777216, logicalSessionTimeoutMinutes=30, roundTripTimeNanos=361851100, setName='atlas-1esptm-shard-0', canonicalAddress=ac-5hh2zkz-shard-00-01.qzyf5vd.mongodb.net:27017, hosts=[ac-5hh2zkz-shard-00-01.qzyf5vd.mongodb.net:27017, ac-5hh2zkz-shard-00-02.qzyf5vd.mongodb.net:27017, ac-5hh2zkz-shard-00-00.qzyf5vd.mongodb.net:27017], passives=[], arbiters=[], primary='ac-5hh2zkz-shard-00-02.qzyf5vd.mongodb.net:27017', tagSet=TagSet{[Tag{name='nodeType', value='ELECTABLE'}, Tag{name='provider', value='AWS'}, Tag{name='region', value='AP_SOUTH_1'}, Tag{name='workloadType', value='OPERATIONAL'}]}, electionId=null, setVersion=6, topologyVersion=TopologyVersion{processId=650c3fde01af3ac8be7fede2, counter=3}, lastWriteDate=Sun Sep 24 03:18:44 IST 2023, lastUpdateTimeNanos=465387232448400}
2023-09-24T03:18:44.735+05:30  INFO 11328 --- [ngodb.net:27017] org.mongodb.driver.cluster               : Monitor thread successfully connected to server with description ServerDescription{address=ac-5hh2zkz-shard-00-00.qzyf5vd.mongodb.net:27017, type=REPLICA_SET_SECONDARY, state=CONNECTED, ok=true, minWireVersion=0, maxWireVersion=17, maxDocumentSize=16777216, logicalSessionTimeoutMinutes=30, roundTripTimeNanos=894878000, setName='atlas-1esptm-shard-0', canonicalAddress=ac-5hh2zkz-shard-00-00.qzyf5vd.mongodb.net:27017, hosts=[ac-5hh2zkz-shard-00-01.qzyf5vd.mongodb.net:27017, ac-5hh2zkz-shard-00-02.qzyf5vd.mongodb.net:27017, ac-5hh2zkz-shard-00-00.qzyf5vd.mongodb.net:27017], passives=[], arbiters=[], primary='ac-5hh2zkz-shard-00-02.qzyf5vd.mongodb.net:27017', tagSet=TagSet{[Tag{name='nodeType', value='ELECTABLE'}, Tag{name='provider', value='AWS'}, Tag{name='region', value='AP_SOUTH_1'}, Tag{name='workloadType', value='OPERATIONAL'}]}, electionId=null, setVersion=6, topologyVersion=TopologyVersion{processId=650c3d85729730d95bfdc8f1, counter=4}, lastWriteDate=Sun Sep 24 03:18:44 IST 2023, lastUpdateTimeNanos=465387234008200}
2023-09-24T03:18:44.733+05:30  INFO 11328 --- [ngodb.net:27017] org.mongodb.driver.cluster               : Monitor thread successfully connected to server with description ServerDescription{address=ac-5hh2zkz-shard-00-02.qzyf5vd.mongodb.net:27017, type=REPLICA_SET_PRIMARY, state=CONNECTED, ok=true, minWireVersion=0, maxWireVersion=17, maxDocumentSize=16777216, logicalSessionTimeoutMinutes=30, roundTripTimeNanos=894503300, setName='atlas-1esptm-shard-0', canonicalAddress=ac-5hh2zkz-shard-00-02.qzyf5vd.mongodb.net:27017, hosts=[ac-5hh2zkz-shard-00-01.qzyf5vd.mongodb.net:27017, ac-5hh2zkz-shard-00-02.qzyf5vd.mongodb.net:27017, ac-5hh2zkz-shard-00-00.qzyf5vd.mongodb.net:27017], passives=[], arbiters=[], primary='ac-5hh2zkz-shard-00-02.qzyf5vd.mongodb.net:27017', tagSet=TagSet{[Tag{name='nodeType', value='ELECTABLE'}, Tag{name='provider', value='AWS'}, Tag{name='region', value='AP_SOUTH_1'}, Tag{name='workloadType', value='OPERATIONAL'}]}, electionId=7fffffff00000000000001aa, setVersion=6, topologyVersion=TopologyVersion{processId=650c3ea7b2844a9e3a1880d7, counter=6}, lastWriteDate=Sun Sep 24 03:18:44 IST 2023, lastUpdateTimeNanos=465387234497300}
2023-09-24T03:18:44.747+05:30  INFO 11328 --- [ngodb.net:27017] org.mongodb.driver.cluster               : Discovered replica set primary ac-5hh2zkz-shard-00-02.qzyf5vd.mongodb.net:27017 with max election id 7fffffff00000000000001aa and max set version 6
2023-09-24T03:18:45.895+05:30  INFO 11328 --- [           main] o.s.s.web.DefaultSecurityFilterChain     : Will secure any request with [org.springframework.security.web.session.DisableEncodeUrlFilter@5b742bc8, org.springframework.security.web.context.request.async.WebAsyncManagerIntegrationFilter@74fb5b59, org.springframework.security.web.context.SecurityContextHolderFilter@2d70f312, org.springframework.security.web.header.HeaderWriterFilter@50122012, org.springframework.security.web.authentication.logout.LogoutFilter@134a8ead, com.subhajit.Medicare.Security.jwt.AuthTokenFilter@130a6eb9, org.springframework.security.web.savedrequest.RequestCacheAwareFilter@4ea1aa52, org.springframework.security.web.servletapi.SecurityContextHolderAwareRequestFilter@74123110, org.springframework.security.web.authentication.AnonymousAuthenticationFilter@722531ab, org.springframework.security.web.session.SessionManagementFilter@3e9beef2, org.springframework.security.web.access.ExceptionTranslationFilter@1537c744, org.springframework.security.web.access.intercept.AuthorizationFilter@44fd7ba4]
2023-09-24T03:18:47.281+05:30  INFO 11328 --- [           main] c.s.Medicare.MedicareApplicationTests    : Started MedicareApplicationTests in 8.549 seconds (process running for 10.925)
]]></system-out>
  </testcase>
</testsuite>